TYPE: MMAP-BTLDR-RECLAIMABLE BASE: 00001000 LEN: 00051000
TYPE: MMAP-USABLE BASE: 00052000 LEN: 0004D000
TYPE: MMAP-RESERVED BASE: 0009FC00 LEN: 00000400
TYPE: MMAP-RESERVED BASE: 000F0000 LEN: 00010000
TYPE: MMAP-USABLE BASE: 00100000 LEN: 7F091000
TYPE: MMAP-BTLDR-RECLAIMABLE BASE: 7F191000 LEN: 00004000
TYPE: MMAP-KERN-AND-MODULES BASE: 7F195000 LEN: 0083C000
TYPE: MMAP-BTLDR-RECLAIMABLE BASE: 7F9D1000 LEN: 00262000
TYPE: MMAP-USABLE BASE: 7FC33000 LEN: 00001000
TYPE: MMAP-BTLDR-RECLAIMABLE BASE: 7FC34000 LEN: 00001000
TYPE: MMAP-USABLE BASE: 7FC35000 LEN: 0030A000
TYPE: MMAP-BTLDR-RECLAIMABLE BASE: 7FF3F000 LEN: 000A0000
TYPE: MMAP-RESERVED BASE: 7FFDF000 LEN: 00021000
TYPE: MMAP-RESERVED BASE: B0000000 LEN: 10000000
TYPE: MMAP-FRAMEBUFFER BASE: FD000000 LEN: 00300000
TYPE: MMAP-RESERVED BASE: FED1C000 LEN: 00004000
TYPE: MMAP-RESERVED BASE: FFFC0000 LEN: 00040000
TYPE: MMAP-USABLE BASE: 00000000 LEN: AC000000
Bus:0x0
 Device:0x0
 Function:0x0
 VendorID:0x8086
 DeviceID:0x29C0

Bus:0x0
 Device:0x1
 Function:0x0
 VendorID:0x1234
 DeviceID:0x1111

Bus:0x0
 Device:0x2
 Function:0x0
 VendorID:0x8086
 DeviceID:0x10D3

Bus:0x0
 Device:0x1F
 Function:0x0
 VendorID:0x8086
 DeviceID:0x2918

Bus:0x0
 Device:0x1F
 Function:0x2
 VendorID:0x8086
 DeviceID:0x2922

Bus:0x0
 Device:0x1F
 Function:0x3
 VendorID:0x8086
 DeviceID:0x2930

PCI Devices:
Bus:00000000 Dev:00000000 Func:0 VenID:00008086 DevID:000029C0 DevName:82G33/G31/P35/P31 Express DRAM Controller
Bus:00000000 Dev:00000001 Func:0 VenID:00001234 DevID:00001111 DevName:QEMU VGA PCI Device
Bus:00000000 Dev:00000002 Func:0 VenID:00008086 DevID:000010D3 DevName:82574L Gigabit Network Connection
Bus:00000000 Dev:0000001F Func:0 VenID:00008086 DevID:00002918 DevName:82801IB (ICH9) LPC Interface Controller
Bus:00000000 Dev:0000001F Func:2 VenID:00008086 DevID:00002922 DevName:82801IR/IO/IH (ICH9R/DO/DH) 6 port SATA Controller [AHCI mode]
Bus:00000000 Dev:0000001F Func:3 VenID:00008086 DevID:00002930 DevName:82801I (ICH9 Family) SMBus Controller
